# JRE version: OpenJDK Runtime Environment Corretto-17.0.14.7.1 (17.0.14+7) (build 17.0.14+7-LTS)
# Java VM: OpenJDK 64-Bit Server VM Corretto-17.0.14.7.1 (17.0.14+7-LTS, mixed mode, sharing, tiered, compressed oops, compressed class ptrs, g1 gc, windows-amd64)
GC Precious Log:
 CPUs: 8 total, 8 available
 Memory: 8025M
 Large Page Support: Disabled
 NUMA Support: Disabled
 Compressed Oops: Enabled (32-bit)
 Heap Region Size: 1M
 Heap Min Capacity: 8M
 Heap Initial Capacity: 126M
 Heap Max Capacity: 2008M
 Pre-touch: Disabled
 Parallel Workers: 8
 Concurrent Workers: 2
 Concurrent Refinement Workers: 8
 Periodic GC: Disabled
Heap:
 garbage-first heap   total 58368K, used 38806K [0x0000000082800000, 0x0000000100000000)
  region size 1024K, 8 young (8192K), 1 survivors (1024K)
 Metaspace       used 67040K, committed 67584K, reserved 1114112K
  class space    used 9450K, committed 9728K, reserved 1048576K
GC Heap History (20 events):
Event: 15.041 GC heap before
{Heap before GC invocations=14 (full 0):
 garbage-first heap   total 51200K, used 41695K [0x0000000082800000, 0x0000000100000000)
  region size 1024K, 20 young (20480K), 2 survivors (2048K)
 Metaspace       used 56624K, committed 57152K, reserved 1114112K
  class space    used 7751K, committed 8000K, reserved 1048576K
}
Event: 15.047 GC heap after
{Heap after GC invocations=15 (full 0):
 garbage-first heap   total 51200K, used 24998K [0x0000000082800000, 0x0000000100000000)
  region size 1024K, 3 young (3072K), 3 survivors (3072K)
 Metaspace       used 56624K, committed 57152K, reserved 1114112K
  class space    used 7751K, committed 8000K, reserved 1048576K
}
Event: 15.846 GC heap before
{Heap before GC invocations=15 (full 0):
 garbage-first heap   total 51200K, used 38310K [0x0000000082800000, 0x0000000100000000)
  region size 1024K, 17 young (17408K), 3 survivors (3072K)
 Metaspace       used 59532K, committed 60096K, reserved 1114112K
  class space    used 8236K, committed 8448K, reserved 1048576K
}
Event: 15.852 GC heap after
{Heap after GC invocations=16 (full 0):
 garbage-first heap   total 51200K, used 26449K [0x0000000082800000, 0x0000000100000000)
  region size 1024K, 2 young (2048K), 2 survivors (2048K)
 Metaspace       used 59532K, committed 60096K, reserved 1114112K
  class space    used 8236K, committed 8448K, reserved 1048576K
}
Event: 16.370 GC heap before
{Heap before GC invocations=17 (full 0):
 garbage-first heap   total 51200K, used 39761K [0x0000000082800000, 0x0000000100000000)
  region size 1024K, 16 young (16384K), 2 survivors (2048K)
 Metaspace       used 61278K, committed 61824K, reserved 1114112K
  class space    used 8611K, committed 8832K, reserved 1048576K
}
Event: 16.373 GC heap after
{Heap after GC invocations=18 (full 0):
 garbage-first heap   total 51200K, used 27098K [0x0000000082800000, 0x0000000100000000)
  region size 1024K, 1 young (1024K), 1 survivors (1024K)
 Metaspace       used 61278K, committed 61824K, reserved 1114112K
  class space    used 8611K, committed 8832K, reserved 1048576K
}
Event: 16.856 GC heap before
{Heap before GC invocations=18 (full 0):
 garbage-first heap   total 51200K, used 40410K [0x0000000082800000, 0x0000000100000000)
  region size 1024K, 15 young (15360K), 1 survivors (1024K)
 Metaspace       used 63185K, committed 63744K, reserved 1114112K
  class space    used 8964K, committed 9216K, reserved 1048576K
}
Event: 16.861 GC heap after
{Heap after GC invocations=19 (full 0):
 garbage-first heap   total 51200K, used 28506K [0x0000000082800000, 0x0000000100000000)
  region size 1024K, 2 young (2048K), 2 survivors (2048K)
 Metaspace       used 63185K, committed 63744K, reserved 1114112K
  class space    used 8964K, committed 9216K, reserved 1048576K
}
Event: 17.094 GC heap before
{Heap before GC invocations=20 (full 0):
 garbage-first heap   total 55296K, used 39770K [0x0000000082800000, 0x0000000100000000)
  region size 1024K, 14 young (14336K), 2 survivors (2048K)
 Metaspace       used 63486K, committed 64000K, reserved 1114112K
  class space    used 8989K, committed 9216K, reserved 1048576K
}
Event: 17.099 GC heap after
{Heap after GC invocations=21 (full 0):
 garbage-first heap   total 55296K, used 29827K [0x0000000082800000, 0x0000000100000000)
  region size 1024K, 2 young (2048K), 2 survivors (2048K)
 Metaspace       used 63486K, committed 64000K, reserved 1114112K
  class space    used 8989K, committed 9216K, reserved 1048576K
}
Event: 17.183 GC heap before
{Heap before GC invocations=21 (full 0):
 garbage-first heap   total 55296K, used 43139K [0x0000000082800000, 0x0000000100000000)
  region size 1024K, 15 young (15360K), 2 survivors (2048K)
 Metaspace       used 63493K, committed 64000K, reserved 1114112K
  class space    used 8989K, committed 9216K, reserved 1048576K
}
Event: 17.187 GC heap after
{Heap after GC invocations=22 (full 0):
 garbage-first heap   total 55296K, used 30284K [0x0000000082800000, 0x0000000100000000)
  region size 1024K, 1 young (1024K), 1 survivors (1024K)
 Metaspace       used 63493K, committed 64000K, reserved 1114112K
  class space    used 8989K, committed 9216K, reserved 1048576K
}
Event: 17.892 GC heap before
{Heap before GC invocations=23 (full 0):
 garbage-first heap   total 56320K, used 43596K [0x0000000082800000, 0x0000000100000000)
  region size 1024K, 14 young (14336K), 1 survivors (1024K)
 Metaspace       used 64920K, committed 65472K, reserved 1114112K
  class space    used 9178K, committed 9408K, reserved 1048576K
}
Event: 17.896 GC heap after
{Heap after GC invocations=24 (full 0):
 garbage-first heap   total 56320K, used 31407K [0x0000000082800000, 0x0000000100000000)
  region size 1024K, 2 young (2048K), 2 survivors (2048K)
 Metaspace       used 64920K, committed 65472K, reserved 1114112K
  class space    used 9178K, committed 9408K, reserved 1048576K
}
Event: 18.336 GC heap before
{Heap before GC invocations=24 (full 0):
 garbage-first heap   total 56320K, used 44719K [0x0000000082800000, 0x0000000100000000)
  region size 1024K, 15 young (15360K), 2 survivors (2048K)
 Metaspace       used 66232K, committed 66752K, reserved 1114112K
  class space    used 9360K, committed 9600K, reserved 1048576K
}
Event: 18.342 GC heap after
{Heap after GC invocations=25 (full 0):
 garbage-first heap   total 56320K, used 32786K [0x0000000082800000, 0x0000000100000000)
  region size 1024K, 2 young (2048K), 2 survivors (2048K)
 Metaspace       used 66232K, committed 66752K, reserved 1114112K
  class space    used 9360K, committed 9600K, reserved 1048576K
}
Event: 312.437 GC heap before
{Heap before GC invocations=26 (full 0):
 garbage-first heap   total 58368K, used 45074K [0x0000000082800000, 0x0000000100000000)
  region size 1024K, 14 young (14336K), 2 survivors (2048K)
 Metaspace       used 67009K, committed 67584K, reserved 1114112K
  class space    used 9449K, committed 9728K, reserved 1048576K
}
Event: 312.444 GC heap after
{Heap after GC invocations=27 (full 0):
 garbage-first heap   total 58368K, used 33307K [0x0000000082800000, 0x0000000100000000)
  region size 1024K, 1 young (1024K), 1 survivors (1024K)
 Metaspace       used 67009K, committed 67584K, reserved 1114112K
  class space    used 9449K, committed 9728K, reserved 1048576K
}
Event: 352.105 GC heap before
{Heap before GC invocations=27 (full 0):
 garbage-first heap   total 58368K, used 34331K [0x0000000082800000, 0x0000000100000000)
  region size 1024K, 2 young (2048K), 1 survivors (1024K)
 Metaspace       used 67012K, committed 67584K, reserved 1114112K
  class space    used 9449K, committed 9728K, reserved 1048576K
}
Event: 352.108 GC heap after
{Heap after GC invocations=28 (full 0):
 garbage-first heap   total 58368K, used 32662K [0x0000000082800000, 0x0000000100000000)
  region size 1024K, 1 young (1024K), 1 survivors (1024K)
 Metaspace       used 67012K, committed 67584K, reserved 1114112K
  class space    used 9449K, committed 9728K, reserved 1048576K
}

